{"level":"info","message":"Initializing Node-cron Background Task Scheduler...","timestamp":"2026-07-04 22:54:27"}
{"level":"info","message":"[Scheduler] Commencing daily low-stock inventory audit scan...","timestamp":"2026-07-04 22:54:28"}
{"clientVersion":"5.22.0","level":"error","message":"[Scheduler] Low-stock inventory audit failed: \nInvalid `prisma.product.findMany()` invocation:\n\n\nerror: Environment variable not found: DATABASE_URL.\n  -->  schema.prisma:3\n   | \n 2 |   provider = \"postgresql\"\n 3 |   url      = env(\"DATABASE_URL\")\n   | \n\nValidation Error Count: 1","name":"PrismaClientInitializationError","stack":"PrismaClientInitializationError: \nInvalid `prisma.product.findMany()` invocation:\n\n\nerror: Environment variable not found: DATABASE_URL.\n  -->  schema.prisma:3\n   | \n 2 |   provider = \"postgresql\"\n 3 |   url      = env(\"DATABASE_URL\")\n   | \n\nValidation Error Count: 1\n    at $n.handleRequestError (/Users/nitheshkumar/Documents/New project/server/node_modules/@prisma/client/runtime/library.js:121:7615)\n    at $n.handleAndLogRequestError (/Users/nitheshkumar/Documents/New project/server/node_modules/@prisma/client/runtime/library.js:121:6623)\n    at $n.request (/Users/nitheshkumar/Documents/New project/server/node_modules/@prisma/client/runtime/library.js:121:6307)\n    at async l (/Users/nitheshkumar/Documents/New project/server/node_modules/@prisma/client/runtime/library.js:130:9633)\n    at async performLowStockAudit (file:///Users/nitheshkumar/Documents/New%20project/server/src/services/scheduler.js:43:22)","timestamp":"2026-07-04 22:54:28"}
{"level":"info","message":"Initializing Node-cron Background Task Scheduler...","timestamp":"2026-07-20 14:43:56"}
{"level":"info","message":"[Scheduler] Commencing daily low-stock inventory audit scan...","timestamp":"2026-07-20 14:43:56"}
{"level":"info","message":"[Scheduler] Inventory scan complete. Dispatched 5 low-stock alerts.","timestamp":"2026-07-20 14:43:57"}
{"level":"info","message":"GET /api/inventory","timestamp":"2026-07-20 14:47:47"}
{"level":"info","message":"GET /api/inventory","timestamp":"2026-07-20 14:47:47"}
{"level":"info","message":"GET /api/crm","timestamp":"2026-07-20 14:48:32"}
{"level":"info","message":"GET /api/crm","timestamp":"2026-07-20 14:48:33"}
{"level":"info","message":"GET /api/inventory","timestamp":"2026-07-20 14:48:33"}
{"level":"info","message":"GET /api/inventory","timestamp":"2026-07-20 14:48:33"}
{"level":"info","message":"POST /api/crm","timestamp":"2026-07-20 14:49:14"}
{"level":"info","message":"POST /api/crm","timestamp":"2026-07-20 14:49:22"}
{"level":"info","message":"POST /api/crm","timestamp":"2026-07-20 14:49:26"}
{"level":"info","message":"GET /api/inventory","timestamp":"2026-07-20 14:50:09"}
{"level":"info","message":"GET /api/inventory","timestamp":"2026-07-20 14:50:09"}
{"level":"info","message":"GET /api/inventory","timestamp":"2026-07-20 14:52:12"}
{"level":"info","message":"GET /api/inventory","timestamp":"2026-07-20 14:52:12"}
{"level":"info","message":"GET /api/crm","timestamp":"2026-07-20 14:52:14"}
{"level":"info","message":"GET /api/crm","timestamp":"2026-07-20 14:52:14"}
{"level":"info","message":"GET /api/inventory","timestamp":"2026-07-20 14:52:14"}
{"level":"info","message":"GET /api/inventory","timestamp":"2026-07-20 14:52:14"}
{"level":"info","message":"GET /api/inventory","timestamp":"2026-07-20 14:52:46"}
{"level":"info","message":"GET /api/inventory","timestamp":"2026-07-20 14:52:46"}
{"level":"info","message":"GET /api/workflows/approvals","timestamp":"2026-07-20 14:53:50"}
{"level":"info","message":"GET /api/workflows/approvals","timestamp":"2026-07-20 14:53:50"}
{"level":"info","message":"GET /api/finance","timestamp":"2026-07-20 14:53:52"}
{"level":"info","message":"GET /api/finance","timestamp":"2026-07-20 14:53:52"}
{"level":"info","message":"GET /api/workflows/approvals","timestamp":"2026-07-20 14:55:39"}
{"level":"info","message":"GET /api/workflows/approvals","timestamp":"2026-07-20 14:55:39"}
{"level":"info","message":"GET /api/finance","timestamp":"2026-07-20 14:55:40"}
{"level":"info","message":"GET /api/finance","timestamp":"2026-07-20 14:55:40"}
{"level":"info","message":"GET /api/hr","timestamp":"2026-07-20 14:55:53"}
{"level":"info","message":"GET /api/hr","timestamp":"2026-07-20 14:55:53"}
{"level":"info","message":"GET /api/inventory","timestamp":"2026-07-20 14:56:22"}
{"level":"info","message":"GET /api/inventory","timestamp":"2026-07-20 14:56:22"}
{"level":"info","message":"GET /api/inventory","timestamp":"2026-07-20 14:56:38"}
{"level":"info","message":"GET /api/inventory","timestamp":"2026-07-20 14:56:39"}
{"level":"info","message":"POST /api/inventory","timestamp":"2026-07-20 14:59:21"}
{"level":"info","message":"GET /api/inventory","timestamp":"2026-07-20 15:10:44"}
{"level":"info","message":"GET /api/inventory","timestamp":"2026-07-20 15:10:44"}
{"level":"info","message":"POST /api/inventory","timestamp":"2026-07-20 15:11:27"}
{"level":"info","message":"Initializing Node-cron Background Task Scheduler...","timestamp":"2026-07-20 15:12:24"}
{"level":"info","message":"[Scheduler] Commencing daily low-stock inventory audit scan...","timestamp":"2026-07-20 15:12:24"}
{"level":"info","message":"[Scheduler] Inventory scan complete. Dispatched 5 low-stock alerts.","timestamp":"2026-07-20 15:12:24"}
{"level":"info","message":"GET /api/inventory","timestamp":"2026-07-20 15:12:45"}
{"level":"info","message":"GET /api/inventory","timestamp":"2026-07-20 15:12:46"}
{"level":"info","message":"POST /api/inventory","timestamp":"2026-07-20 15:13:10"}
{"level":"info","message":"GET /api/inventory","timestamp":"2026-07-20 15:13:11"}
{"level":"info","message":"GET /api/inventory","timestamp":"2026-07-20 15:17:25"}
{"level":"info","message":"GET /api/inventory","timestamp":"2026-07-20 15:17:25"}
{"level":"info","message":"POST /api/inventory/movement","timestamp":"2026-07-20 15:17:51"}
{"level":"info","message":"GET /api/inventory","timestamp":"2026-07-20 15:17:51"}
{"level":"info","message":"Initializing Node-cron Background Task Scheduler...","timestamp":"2026-07-20 15:20:40"}
{"level":"info","message":"[Scheduler] Commencing daily low-stock inventory audit scan...","timestamp":"2026-07-20 15:20:40"}
{"level":"info","message":"[Scheduler] Inventory scan complete. Dispatched 5 low-stock alerts.","timestamp":"2026-07-20 15:20:40"}
{"level":"info","message":"GET /api/inventory","timestamp":"2026-07-20 15:22:33"}
{"level":"info","message":"GET /api/inventory","timestamp":"2026-07-20 15:22:33"}
{"level":"info","message":"POST /api/ai/chat","timestamp":"2026-07-20 15:29:49"}
{"level":"info","message":"GET /api/workflows/approvals","timestamp":"2026-07-20 15:31:15"}
{"level":"info","message":"GET /api/workflows/approvals","timestamp":"2026-07-20 15:31:15"}
{"level":"info","message":"GET /api/inventory","timestamp":"2026-07-20 15:31:16"}
{"level":"info","message":"GET /api/inventory","timestamp":"2026-07-20 15:31:16"}
{"level":"info","message":"GET /api/workflows/approvals","timestamp":"2026-07-20 15:31:18"}
{"level":"info","message":"GET /api/workflows/approvals","timestamp":"2026-07-20 15:31:18"}
{"level":"info","message":"GET /api/hr","timestamp":"2026-07-20 15:31:39"}
{"level":"info","message":"GET /api/hr","timestamp":"2026-07-20 15:31:39"}
{"level":"info","message":"PUT /api/hr","timestamp":"2026-07-20 15:31:52"}
{"level":"info","message":"GET /api/hr","timestamp":"2026-07-20 15:31:52"}
{"level":"info","message":"GET /api/hr","timestamp":"2026-07-20 15:35:42"}
{"level":"info","message":"GET /api/hr","timestamp":"2026-07-20 15:35:42"}
{"level":"info","message":"GET /api/hr","timestamp":"2026-07-20 15:35:49"}
{"level":"info","message":"GET /api/hr","timestamp":"2026-07-20 15:35:49"}
{"level":"info","message":"GET /api/hr","timestamp":"2026-07-20 15:35:55"}
{"level":"info","message":"GET /api/hr","timestamp":"2026-07-20 15:35:55"}
{"level":"info","message":"GET /api/hr","timestamp":"2026-07-20 15:36:30"}
{"level":"info","message":"GET /api/hr","timestamp":"2026-07-20 15:36:30"}
{"level":"info","message":"GET /api/hr","timestamp":"2026-07-20 15:39:43"}
{"level":"info","message":"GET /api/hr","timestamp":"2026-07-20 15:42:14"}
{"level":"info","message":"GET /api/hr","timestamp":"2026-07-20 15:42:14"}
{"level":"info","message":"GET /api/crm","timestamp":"2026-07-20 15:42:17"}
{"level":"info","message":"GET /api/crm","timestamp":"2026-07-20 15:42:17"}
{"level":"info","message":"GET /api/inventory","timestamp":"2026-07-20 15:42:17"}
{"level":"info","message":"GET /api/inventory","timestamp":"2026-07-20 15:42:17"}
{"level":"info","message":"GET /api/inventory","timestamp":"2026-07-20 15:42:18"}
{"level":"info","message":"GET /api/inventory","timestamp":"2026-07-20 15:42:18"}
{"level":"info","message":"GET /api/crm","timestamp":"2026-07-20 15:42:18"}
{"level":"info","message":"GET /api/crm","timestamp":"2026-07-20 15:42:19"}
{"level":"info","message":"GET /api/inventory","timestamp":"2026-07-20 15:42:19"}
{"level":"info","message":"GET /api/inventory","timestamp":"2026-07-20 15:42:19"}
{"level":"info","message":"GET /api/crm","timestamp":"2026-07-20 15:44:20"}
{"level":"info","message":"GET /api/crm","timestamp":"2026-07-20 15:44:20"}
{"level":"info","message":"GET /api/inventory","timestamp":"2026-07-20 15:44:20"}
{"level":"info","message":"GET /api/inventory","timestamp":"2026-07-20 15:44:20"}
{"level":"info","message":"GET /api/inventory","timestamp":"2026-07-20 15:45:58"}
{"level":"info","message":"GET /api/inventory","timestamp":"2026-07-20 15:45:58"}
{"level":"info","message":"GET /api/crm","timestamp":"2026-07-20 15:46:03"}
{"level":"info","message":"GET /api/crm","timestamp":"2026-07-20 15:46:03"}
{"level":"info","message":"GET /api/inventory","timestamp":"2026-07-20 15:46:03"}
{"level":"info","message":"GET /api/inventory","timestamp":"2026-07-20 15:46:03"}
{"level":"info","message":"POST /api/invoices","timestamp":"2026-07-20 15:46:22"}
{"level":"info","message":"GET /api/crm","timestamp":"2026-07-20 15:46:29"}
{"level":"info","message":"GET /api/inventory","timestamp":"2026-07-20 15:46:29"}
{"level":"info","message":"POST /api/crm","timestamp":"2026-07-20 15:50:41"}
{"level":"info","message":"GET /api/crm","timestamp":"2026-07-20 15:50:41"}
{"level":"info","message":"GET /api/inventory","timestamp":"2026-07-20 15:50:41"}
{"level":"info","message":"POST /api/invoices","timestamp":"2026-07-20 15:51:32"}
{"level":"info","message":"Initializing Node-cron Background Task Scheduler...","timestamp":"2026-07-20 15:52:36"}
{"level":"info","message":"[Scheduler] Commencing daily low-stock inventory audit scan...","timestamp":"2026-07-20 15:52:36"}
{"level":"info","message":"Initializing Node-cron Background Task Scheduler...","timestamp":"2026-07-20 15:52:37"}
{"level":"info","message":"[Scheduler] Commencing daily low-stock inventory audit scan...","timestamp":"2026-07-20 15:52:37"}
{"level":"info","message":"[Scheduler] Inventory scan complete. Dispatched 0 low-stock alerts.","timestamp":"2026-07-20 15:52:37"}
{"level":"info","message":"GET /api/crm","timestamp":"2026-07-20 15:53:46"}
{"level":"info","message":"GET /api/inventory","timestamp":"2026-07-20 15:53:46"}
{"level":"info","message":"GET /api/hr","timestamp":"2026-07-20 15:54:03"}
{"level":"info","message":"GET /api/hr","timestamp":"2026-07-20 15:54:03"}
{"level":"info","message":"GET /api/finance","timestamp":"2026-07-20 15:54:08"}
{"level":"info","message":"GET /api/finance","timestamp":"2026-07-20 15:54:08"}
{"level":"info","message":"GET /api/workflows/approvals","timestamp":"2026-07-20 15:54:18"}
{"level":"info","message":"GET /api/workflows/approvals","timestamp":"2026-07-20 15:54:18"}
{"level":"info","message":"GET /api/finance","timestamp":"2026-07-20 15:54:19"}
{"level":"info","message":"GET /api/finance","timestamp":"2026-07-20 15:54:19"}
{"level":"info","message":"GET /api/finance","timestamp":"2026-07-20 15:55:44"}
{"level":"info","message":"GET /api/finance","timestamp":"2026-07-20 15:55:44"}
{"level":"info","message":"GET /api/crm","timestamp":"2026-07-20 15:55:52"}
{"level":"info","message":"GET /api/crm","timestamp":"2026-07-20 15:55:52"}
{"level":"info","message":"GET /api/inventory","timestamp":"2026-07-20 15:55:52"}
{"level":"info","message":"GET /api/inventory","timestamp":"2026-07-20 15:55:52"}
{"level":"info","message":"GET /api/hr","timestamp":"2026-07-20 15:55:53"}
{"level":"info","message":"GET /api/hr","timestamp":"2026-07-20 15:55:53"}
{"level":"info","message":"GET /api/inventory","timestamp":"2026-07-20 15:55:55"}
{"level":"info","message":"GET /api/inventory","timestamp":"2026-07-20 15:55:55"}
{"level":"info","message":"POST /api/inventory/movement","timestamp":"2026-07-20 15:56:39"}
{"level":"info","message":"GET /api/inventory","timestamp":"2026-07-20 15:56:39"}
{"level":"info","message":"Initializing Node-cron Background Task Scheduler...","timestamp":"2026-07-20 15:56:40"}
{"level":"info","message":"[Scheduler] Commencing daily low-stock inventory audit scan...","timestamp":"2026-07-20 15:56:40"}
{"level":"info","message":"[Scheduler] Inventory scan complete. Dispatched 0 low-stock alerts.","timestamp":"2026-07-20 15:56:40"}
{"level":"info","message":"GET /api/inventory","timestamp":"2026-07-20 16:37:27"}
{"level":"info","message":"GET /api/inventory","timestamp":"2026-07-20 16:37:27"}
{"level":"info","message":"GET /api/inventory","timestamp":"2026-07-20 16:38:11"}
{"level":"info","message":"GET /api/inventory","timestamp":"2026-07-20 16:38:11"}
{"level":"info","message":"GET /api/crm","timestamp":"2026-07-20 16:38:12"}
{"level":"info","message":"GET /api/crm","timestamp":"2026-07-20 16:38:12"}
{"level":"info","message":"GET /api/inventory","timestamp":"2026-07-20 16:38:12"}
{"level":"info","message":"GET /api/inventory","timestamp":"2026-07-20 16:38:12"}
{"level":"info","message":"GET /api/hr","timestamp":"2026-07-20 16:38:13"}
{"level":"info","message":"GET /api/hr","timestamp":"2026-07-20 16:38:13"}
{"level":"info","message":"GET /api/finance","timestamp":"2026-07-20 16:38:14"}
{"level":"info","message":"GET /api/finance","timestamp":"2026-07-20 16:38:15"}
{"level":"info","message":"GET /api/workflows/approvals","timestamp":"2026-07-20 16:38:19"}
{"level":"info","message":"GET /api/workflows/approvals","timestamp":"2026-07-20 16:38:19"}
{"level":"info","message":"GET /api/inventory","timestamp":"2026-07-20 17:01:41"}
{"level":"info","message":"GET /api/inventory","timestamp":"2026-07-20 17:01:41"}
{"level":"info","message":"GET /api/crm","timestamp":"2026-07-20 17:01:44"}
{"level":"info","message":"GET /api/crm","timestamp":"2026-07-20 17:01:44"}
{"level":"info","message":"GET /api/inventory","timestamp":"2026-07-20 17:01:44"}
{"level":"info","message":"GET /api/inventory","timestamp":"2026-07-20 17:01:44"}
{"level":"info","message":"GET /api/hr","timestamp":"2026-07-20 17:01:45"}
{"level":"info","message":"GET /api/hr","timestamp":"2026-07-20 17:01:45"}
{"level":"info","message":"POST /api/hr","timestamp":"2026-07-20 17:01:51"}
{"level":"info","message":"GET /api/hr","timestamp":"2026-07-20 17:01:51"}
{"level":"info","message":"Initializing Node-cron Background Task Scheduler...","timestamp":"2026-07-20 17:01:53"}
{"level":"info","message":"[Scheduler] Commencing daily low-stock inventory audit scan...","timestamp":"2026-07-20 17:01:53"}
{"level":"info","message":"[Scheduler] Inventory scan complete. Dispatched 0 low-stock alerts.","timestamp":"2026-07-20 17:01:53"}
{"level":"info","message":"Initializing Node-cron Background Task Scheduler...","timestamp":"2026-07-20 17:01:55"}
{"level":"info","message":"[Scheduler] Commencing daily low-stock inventory audit scan...","timestamp":"2026-07-20 17:01:55"}
{"level":"info","message":"[Scheduler] Inventory scan complete. Dispatched 0 low-stock alerts.","timestamp":"2026-07-20 17:01:55"}
{"level":"info","message":"Initializing Node-cron Background Task Scheduler...","timestamp":"2026-07-23 15:24:57"}
{"level":"info","message":"[Scheduler] Commencing daily low-stock inventory audit scan...","timestamp":"2026-07-23 15:24:57"}
{"level":"info","message":"Initializing Node-cron Background Task Scheduler...","timestamp":"2026-07-23 15:24:58"}
{"level":"info","message":"[Scheduler] Commencing daily low-stock inventory audit scan...","timestamp":"2026-07-23 15:24:58"}
{"level":"info","message":"[Scheduler] Inventory scan complete. Dispatched 0 low-stock alerts.","timestamp":"2026-07-23 15:24:58"}
{"level":"info","message":"Initializing Node-cron Background Task Scheduler...","timestamp":"2026-07-23 15:26:35"}
{"level":"info","message":"[Scheduler] Commencing daily low-stock inventory audit scan...","timestamp":"2026-07-23 15:26:35"}
{"level":"info","message":"[Scheduler] Inventory scan complete. Dispatched 0 low-stock alerts.","timestamp":"2026-07-23 15:26:35"}
{"level":"info","message":"Initializing Node-cron Background Task Scheduler...","timestamp":"2026-07-23 15:26:43"}
{"level":"info","message":"[Scheduler] Commencing daily low-stock inventory audit scan...","timestamp":"2026-07-23 15:26:43"}
{"level":"info","message":"[Scheduler] Inventory scan complete. Dispatched 0 low-stock alerts.","timestamp":"2026-07-23 15:26:43"}
{"level":"info","message":"POST /api/auth/login","timestamp":"2026-07-23 15:29:05"}
{"level":"info","message":"Initializing Node-cron Background Task Scheduler...","timestamp":"2026-07-23 15:29:06"}
{"level":"info","message":"[Scheduler] Commencing daily low-stock inventory audit scan...","timestamp":"2026-07-23 15:29:06"}
{"level":"info","message":"[Scheduler] Inventory scan complete. Dispatched 0 low-stock alerts.","timestamp":"2026-07-23 15:29:06"}
{"level":"info","message":"POST /api/auth/login","timestamp":"2026-07-23 15:29:33"}
{"level":"info","message":"GET /api/inventory","timestamp":"2026-07-23 15:29:38"}
{"level":"info","message":"GET /api/inventory","timestamp":"2026-07-23 15:29:38"}
{"level":"info","message":"GET /api/crm","timestamp":"2026-07-23 15:29:39"}
{"level":"info","message":"GET /api/crm","timestamp":"2026-07-23 15:29:39"}
{"level":"info","message":"GET /api/inventory","timestamp":"2026-07-23 15:29:39"}
{"level":"info","message":"GET /api/inventory","timestamp":"2026-07-23 15:29:39"}
{"level":"info","message":"GET /api/hr","timestamp":"2026-07-23 15:29:42"}
{"level":"info","message":"GET /api/hr","timestamp":"2026-07-23 15:29:42"}
{"level":"info","message":"GET /api/finance","timestamp":"2026-07-23 15:29:44"}
{"level":"info","message":"GET /api/finance","timestamp":"2026-07-23 15:29:44"}
{"level":"info","message":"GET /api/workflows/approvals","timestamp":"2026-07-23 15:29:45"}
{"level":"info","message":"GET /api/workflows/approvals","timestamp":"2026-07-23 15:29:45"}
{"level":"info","message":"GET /api/finance","timestamp":"2026-07-23 15:29:47"}
{"level":"info","message":"GET /api/finance","timestamp":"2026-07-23 15:29:47"}
{"level":"info","message":"Initializing Node-cron Background Task Scheduler...","timestamp":"2026-07-23 15:31:33"}
{"level":"info","message":"[Scheduler] Commencing daily low-stock inventory audit scan...","timestamp":"2026-07-23 15:31:33"}
{"level":"info","message":"[Scheduler] Inventory scan complete. Dispatched 0 low-stock alerts.","timestamp":"2026-07-23 15:31:33"}
{"level":"info","message":"Initializing Node-cron Background Task Scheduler...","timestamp":"2026-07-23 15:31:40"}
{"level":"info","message":"[Scheduler] Commencing daily low-stock inventory audit scan...","timestamp":"2026-07-23 15:31:40"}
{"level":"info","message":"[Scheduler] Inventory scan complete. Dispatched 0 low-stock alerts.","timestamp":"2026-07-23 15:31:40"}
{"level":"info","message":"POST /api/auth/login","timestamp":"2026-07-23 15:32:15"}
{"level":"info","message":"GET /api/auth/tenants","timestamp":"2026-07-23 15:32:35"}
{"level":"info","message":"POST /api/auth/verify-tenant","timestamp":"2026-07-23 15:32:35"}
{"level":"info","message":"POST /api/auth/login","timestamp":"2026-07-23 15:32:35"}
{"level":"info","message":"GET /api/auth/tenants","timestamp":"2026-07-23 15:32:45"}
{"level":"info","message":"POST /api/auth/login","timestamp":"2026-07-23 15:34:07"}
{"level":"info","message":"GET /api/inventory","timestamp":"2026-07-23 15:34:12"}
{"level":"info","message":"GET /api/inventory","timestamp":"2026-07-23 15:34:12"}
{"level":"info","message":"GET /api/crm","timestamp":"2026-07-23 15:34:18"}
{"level":"info","message":"GET /api/crm","timestamp":"2026-07-23 15:34:18"}
{"level":"info","message":"GET /api/inventory","timestamp":"2026-07-23 15:34:18"}
{"level":"info","message":"GET /api/inventory","timestamp":"2026-07-23 15:34:18"}
{"level":"info","message":"GET /api/hr","timestamp":"2026-07-23 15:34:20"}
{"level":"info","message":"GET /api/hr","timestamp":"2026-07-23 15:34:20"}
{"level":"info","message":"GET /api/auth/tenants","timestamp":"2026-07-23 15:35:22"}
{"level":"info","message":"GET /api/auth/tenants","timestamp":"2026-07-23 15:35:22"}
{"level":"info","message":"Initializing Node-cron Background Task Scheduler...","timestamp":"2026-07-23 15:35:59"}
{"level":"info","message":"[Scheduler] Commencing daily low-stock inventory audit scan...","timestamp":"2026-07-23 15:35:59"}
{"level":"info","message":"[Scheduler] Inventory scan complete. Dispatched 0 low-stock alerts.","timestamp":"2026-07-23 15:36:00"}
{"level":"info","message":"Initializing Node-cron Background Task Scheduler...","timestamp":"2026-07-23 15:36:49"}
{"level":"info","message":"[Scheduler] Commencing daily low-stock inventory audit scan...","timestamp":"2026-07-23 15:36:49"}
{"level":"info","message":"[Scheduler] Inventory scan complete. Dispatched 0 low-stock alerts.","timestamp":"2026-07-23 15:36:49"}
{"level":"info","message":"POST /api/auth/verify-passkey","timestamp":"2026-07-23 15:37:02"}
{"level":"info","message":"POST /api/auth/verify-passkey","timestamp":"2026-07-23 15:37:02"}
{"level":"info","message":"POST /api/auth/verify-passkey","timestamp":"2026-07-23 15:37:02"}
{"level":"info","message":"GET /api/auth/tenants","timestamp":"2026-07-23 15:37:13"}
{"level":"info","message":"POST /api/auth/verify-passkey","timestamp":"2026-07-23 15:37:26"}
{"level":"info","message":"POST /api/auth/verify-passkey","timestamp":"2026-07-23 15:37:35"}
{"level":"info","message":"POST /api/auth/login","timestamp":"2026-07-23 15:37:38"}
{"level":"info","message":"POST /api/auth/verify-passkey","timestamp":"2026-07-23 15:39:05"}
{"level":"info","message":"POST /api/auth/verify-passkey","timestamp":"2026-07-23 15:39:05"}
{"level":"info","message":"POST /api/auth/verify-passkey","timestamp":"2026-07-23 15:39:05"}
{"level":"info","message":"GET /api/auth/tenants","timestamp":"2026-07-23 15:39:40"}
{"level":"info","message":"GET /api/auth/tenants","timestamp":"2026-07-23 15:39:40"}
{"level":"info","message":"POST /api/auth/verify-passkey","timestamp":"2026-07-23 15:39:46"}
{"level":"info","message":"POST /api/auth/login","timestamp":"2026-07-23 15:39:49"}
{"level":"info","message":"GET /api/hr","timestamp":"2026-07-23 15:39:54"}
{"level":"info","message":"GET /api/hr","timestamp":"2026-07-23 15:39:54"}
{"level":"info","message":"GET /api/finance","timestamp":"2026-07-23 15:39:55"}
{"level":"info","message":"GET /api/finance","timestamp":"2026-07-23 15:39:55"}
{"level":"info","message":"GET /api/workflows/approvals","timestamp":"2026-07-23 15:39:56"}
{"level":"info","message":"GET /api/workflows/approvals","timestamp":"2026-07-23 15:39:56"}
{"level":"info","message":"Initializing Node-cron Background Task Scheduler...","timestamp":"2026-07-23 18:50:54"}
{"level":"info","message":"[Scheduler] Commencing daily low-stock inventory audit scan...","timestamp":"2026-07-23 18:50:54"}
{"level":"info","message":"[Scheduler] Inventory scan complete. Dispatched 0 low-stock alerts.","timestamp":"2026-07-23 18:50:54"}
{"level":"info","message":"Initializing Node-cron Background Task Scheduler...","timestamp":"2026-07-23 18:50:55"}
{"level":"info","message":"[Scheduler] Commencing daily low-stock inventory audit scan...","timestamp":"2026-07-23 18:50:55"}
{"level":"info","message":"[Scheduler] Inventory scan complete. Dispatched 0 low-stock alerts.","timestamp":"2026-07-23 18:50:55"}
{"level":"info","message":"Initializing Node-cron Background Task Scheduler...","timestamp":"2026-07-23 18:52:32"}
{"level":"info","message":"[Scheduler] Commencing daily low-stock inventory audit scan...","timestamp":"2026-07-23 18:52:32"}
{"level":"info","message":"[Scheduler] Inventory scan complete. Dispatched 0 low-stock alerts.","timestamp":"2026-07-23 18:52:32"}
{"level":"info","message":"GET /api/inventory","timestamp":"2026-07-23 18:54:44"}
{"level":"info","message":"GET /api/inventory","timestamp":"2026-07-23 18:54:44"}
{"level":"info","message":"GET /api/inventory/ai-autopilot","timestamp":"2026-07-23 18:54:44"}
{"level":"info","message":"GET /api/inventory/ai-autopilot","timestamp":"2026-07-23 18:54:44"}
{"level":"info","message":"Initializing Node-cron Background Task Scheduler...","timestamp":"2026-07-23 18:54:54"}
{"level":"info","message":"[Scheduler] Commencing daily low-stock inventory audit scan...","timestamp":"2026-07-23 18:54:54"}
{"level":"info","message":"[Scheduler] Inventory scan complete. Dispatched 0 low-stock alerts.","timestamp":"2026-07-23 18:54:54"}
{"level":"info","message":"POST /api/auth/login","timestamp":"2026-07-23 18:55:11"}
{"level":"info","message":"GET /api/inventory/ai-autopilot","timestamp":"2026-07-23 18:55:11"}
{"level":"info","message":"Initializing Node-cron Background Task Scheduler...","timestamp":"2026-07-23 18:55:13"}
{"level":"info","message":"[Scheduler] Commencing daily low-stock inventory audit scan...","timestamp":"2026-07-23 18:55:13"}
{"level":"info","message":"[Scheduler] Inventory scan complete. Dispatched 0 low-stock alerts.","timestamp":"2026-07-23 18:55:13"}
{"level":"info","message":"GET /api/inventory","timestamp":"2026-07-23 19:03:35"}
{"level":"info","message":"GET /api/inventory","timestamp":"2026-07-23 19:03:35"}
{"level":"info","message":"GET /api/inventory/ai-autopilot","timestamp":"2026-07-23 19:03:35"}
{"level":"info","message":"GET /api/inventory/ai-autopilot","timestamp":"2026-07-23 19:03:35"}
{"level":"info","message":"Initializing Node-cron Background Task Scheduler...","timestamp":"2026-07-23 19:05:49"}
{"level":"info","message":"[Scheduler] Commencing daily low-stock inventory audit scan...","timestamp":"2026-07-23 19:05:49"}
{"level":"info","message":"[Scheduler] Inventory scan complete. Dispatched 0 low-stock alerts.","timestamp":"2026-07-23 19:05:49"}
{"level":"info","message":"POST /api/auth/login","timestamp":"2026-07-23 19:07:27"}
{"level":"info","message":"GET /api/crm/whatsapp-reminders","timestamp":"2026-07-23 19:07:27"}
{"level":"info","message":"POST /api/crm/send-receipt-whatsapp","timestamp":"2026-07-23 19:07:27"}
{"level":"info","message":"GET /api/auth/tenants","timestamp":"2026-07-23 19:10:41"}
{"level":"info","message":"Initializing Node-cron Background Task Scheduler...","timestamp":"2026-07-23 19:14:44"}
{"level":"info","message":"[Scheduler] Commencing daily low-stock inventory audit scan...","timestamp":"2026-07-23 19:14:44"}
{"level":"info","message":"[Scheduler] Inventory scan complete. Dispatched 0 low-stock alerts.","timestamp":"2026-07-23 19:14:44"}
{"level":"info","message":"Initializing Node-cron Background Task Scheduler...","timestamp":"2026-07-23 19:21:13"}
{"level":"info","message":"[Scheduler] Commencing daily low-stock inventory audit scan...","timestamp":"2026-07-23 19:21:13"}
{"level":"info","message":"[Scheduler] Inventory scan complete. Dispatched 0 low-stock alerts.","timestamp":"2026-07-23 19:21:13"}
{"level":"info","message":"Initializing Node-cron Background Task Scheduler...","timestamp":"2026-07-23 19:21:20"}
{"level":"info","message":"[Scheduler] Commencing daily low-stock inventory audit scan...","timestamp":"2026-07-23 19:21:20"}
{"level":"info","message":"[Scheduler] Inventory scan complete. Dispatched 0 low-stock alerts.","timestamp":"2026-07-23 19:21:20"}
{"level":"info","message":"GET /api/shop/public/nexus.erp","timestamp":"2026-07-23 19:22:51"}
{"level":"info","message":"Initializing Node-cron Background Task Scheduler...","timestamp":"2026-07-23 19:23:00"}
{"level":"info","message":"[Scheduler] Commencing daily low-stock inventory audit scan...","timestamp":"2026-07-23 19:23:00"}
{"level":"info","message":"[Scheduler] Inventory scan complete. Dispatched 0 low-stock alerts.","timestamp":"2026-07-23 19:23:00"}
{"level":"info","message":"Initializing Node-cron Background Task Scheduler...","timestamp":"2026-07-23 19:23:02"}
{"level":"info","message":"[Scheduler] Commencing daily low-stock inventory audit scan...","timestamp":"2026-07-23 19:23:02"}
{"level":"info","message":"[Scheduler] Inventory scan complete. Dispatched 0 low-stock alerts.","timestamp":"2026-07-23 19:23:02"}
{"level":"info","message":"Initializing Node-cron Background Task Scheduler...","timestamp":"2026-07-23 19:24:18"}
{"level":"info","message":"[Scheduler] Commencing daily low-stock inventory audit scan...","timestamp":"2026-07-23 19:24:18"}
{"level":"info","message":"[Scheduler] Inventory scan complete. Dispatched 0 low-stock alerts.","timestamp":"2026-07-23 19:24:18"}
{"level":"info","message":"GET /api/auth/tenants","timestamp":"2026-07-23 19:26:03"}
{"level":"info","message":"POST /api/auth/login","timestamp":"2026-07-23 19:27:02"}
{"level":"info","message":"GET /api/hr/commissions","timestamp":"2026-07-23 19:27:03"}
{"level":"info","message":"POST /api/auth/verify-passkey","timestamp":"2026-07-23 19:27:56"}
{"level":"info","message":"POST /api/auth/login","timestamp":"2026-07-23 19:27:59"}
{"level":"info","message":"GET /api/ai/morning-briefing","timestamp":"2026-07-23 19:28:03"}
{"level":"info","message":"GET /api/ai/morning-briefing","timestamp":"2026-07-23 19:28:03"}
{"level":"info","message":"GET /api/ai/morning-briefing","timestamp":"2026-07-23 19:28:04"}
{"level":"info","message":"GET /api/ai/morning-briefing","timestamp":"2026-07-23 19:28:04"}
{"level":"info","message":"GET /api/inventory","timestamp":"2026-07-23 19:28:20"}
{"level":"info","message":"GET /api/inventory","timestamp":"2026-07-23 19:28:20"}
{"level":"info","message":"GET /api/inventory/ai-autopilot","timestamp":"2026-07-23 19:28:20"}
{"level":"info","message":"GET /api/inventory/ai-autopilot","timestamp":"2026-07-23 19:28:20"}
{"level":"info","message":"POST /api/inventory/auto-restock-po","timestamp":"2026-07-23 19:28:23"}
{"level":"info","message":"GET /api/inventory","timestamp":"2026-07-23 19:28:23"}
{"level":"info","message":"GET /api/inventory/ai-autopilot","timestamp":"2026-07-23 19:28:23"}
{"level":"info","message":"GET /api/inventory/ai-autopilot","timestamp":"2026-07-23 19:28:23"}
{"level":"info","message":"GET /api/inventory/ai-autopilot","timestamp":"2026-07-23 19:28:23"}
{"level":"info","message":"POST /api/inventory/auto-restock-po","timestamp":"2026-07-23 19:30:14"}
{"level":"info","message":"GET /api/inventory","timestamp":"2026-07-23 19:30:15"}
{"level":"info","message":"GET /api/inventory/ai-autopilot","timestamp":"2026-07-23 19:30:15"}
{"level":"info","message":"GET /api/inventory/ai-autopilot","timestamp":"2026-07-23 19:30:15"}
{"level":"info","message":"GET /api/inventory/ai-autopilot","timestamp":"2026-07-23 19:30:15"}
{"level":"info","message":"GET /api/finance","timestamp":"2026-07-23 19:31:18"}
{"level":"info","message":"GET /api/finance","timestamp":"2026-07-23 19:31:19"}
{"level":"info","message":"GET /api/hr","timestamp":"2026-07-23 19:31:20"}
{"level":"info","message":"GET /api/hr","timestamp":"2026-07-23 19:31:20"}
{"level":"info","message":"GET /api/finance","timestamp":"2026-07-23 19:31:22"}
{"level":"info","message":"GET /api/finance","timestamp":"2026-07-23 19:31:22"}
{"level":"info","message":"GET /api/workflows/approvals","timestamp":"2026-07-23 19:31:36"}
{"level":"info","message":"GET /api/workflows/approvals","timestamp":"2026-07-23 19:31:36"}
{"level":"info","message":"GET /api/ai/morning-briefing","timestamp":"2026-07-23 19:31:51"}
{"level":"info","message":"GET /api/ai/morning-briefing","timestamp":"2026-07-23 19:31:51"}
{"level":"info","message":"GET /api/ai/morning-briefing","timestamp":"2026-07-23 19:31:51"}
{"level":"info","message":"GET /api/ai/morning-briefing","timestamp":"2026-07-23 19:31:51"}
{"level":"info","message":"GET /api/ai/morning-briefing","timestamp":"2026-07-23 19:32:15"}
{"level":"info","message":"GET /api/ai/morning-briefing","timestamp":"2026-07-23 19:32:16"}
{"level":"info","message":"GET /api/ai/morning-briefing","timestamp":"2026-07-23 19:32:16"}
{"level":"info","message":"GET /api/ai/morning-briefing","timestamp":"2026-07-23 19:32:16"}
{"level":"info","message":"GET /api/inventory","timestamp":"2026-07-23 19:34:36"}
{"level":"info","message":"GET /api/inventory","timestamp":"2026-07-23 19:34:36"}
{"level":"info","message":"GET /api/inventory/ai-autopilot","timestamp":"2026-07-23 19:34:38"}
{"level":"info","message":"GET /api/inventory/ai-autopilot","timestamp":"2026-07-23 19:34:38"}
{"level":"info","message":"GET /api/crm","timestamp":"2026-07-23 19:38:47"}
{"level":"info","message":"GET /api/crm","timestamp":"2026-07-23 19:38:48"}
{"level":"info","message":"GET /api/inventory","timestamp":"2026-07-23 19:38:48"}
{"level":"info","message":"GET /api/inventory","timestamp":"2026-07-23 19:38:48"}
{"level":"info","message":"GET /api/crm/whatsapp-reminders","timestamp":"2026-07-23 19:38:57"}
{"level":"info","message":"GET /api/crm/whatsapp-reminders","timestamp":"2026-07-23 19:38:57"}
{"level":"info","message":"GET /api/crm/whatsapp-reminders","timestamp":"2026-07-23 19:39:01"}
{"level":"info","message":"GET /api/crm/whatsapp-reminders","timestamp":"2026-07-23 19:39:01"}
{"level":"info","message":"POST /api/crm/send-receipt-whatsapp","timestamp":"2026-07-23 19:39:02"}
{"level":"info","message":"POST /api/crm/send-receipt-whatsapp","timestamp":"2026-07-23 19:39:35"}
{"level":"info","message":"GET /api/crm/whatsapp-reminders","timestamp":"2026-07-23 19:40:12"}
{"level":"info","message":"GET /api/hr","timestamp":"2026-07-23 19:40:22"}
{"level":"info","message":"GET /api/hr","timestamp":"2026-07-23 19:40:23"}
{"level":"info","message":"GET /api/shop/public/nexus.erp","timestamp":"2026-07-23 19:40:50"}
{"level":"info","message":"GET /api/shop/public/nexus.erp","timestamp":"2026-07-23 19:41:39"}
{"level":"info","message":"Initializing Node-cron Background Task Scheduler...","timestamp":"2026-07-23 20:04:57"}
{"level":"info","message":"[Scheduler] Commencing daily low-stock inventory audit scan...","timestamp":"2026-07-23 20:04:57"}
{"level":"info","message":"[Scheduler] Inventory scan complete. Dispatched 0 low-stock alerts.","timestamp":"2026-07-23 20:04:57"}
{"level":"info","message":"GET /api/shop/public/nexus.erp","timestamp":"2026-07-23 20:05:23"}
{"level":"info","message":"Initializing Node-cron Background Task Scheduler...","timestamp":"2026-07-23 20:08:03"}
{"level":"info","message":"[Scheduler] Commencing daily low-stock inventory audit scan...","timestamp":"2026-07-23 20:08:03"}
{"level":"info","message":"[Scheduler] Inventory scan complete. Dispatched 0 low-stock alerts.","timestamp":"2026-07-23 20:08:03"}
{"level":"info","message":"Initializing Node-cron Background Task Scheduler...","timestamp":"2026-07-23 20:08:28"}
{"level":"info","message":"[Scheduler] Commencing daily low-stock inventory audit scan...","timestamp":"2026-07-23 20:08:28"}
{"level":"info","message":"[Scheduler] Inventory scan complete. Dispatched 0 low-stock alerts.","timestamp":"2026-07-23 20:08:28"}
{"level":"info","message":"POST /api/shop/checkout","timestamp":"2026-07-23 20:09:57"}
{"level":"info","message":"Initializing Node-cron Background Task Scheduler...","timestamp":"2026-07-23 20:09:59"}
{"level":"info","message":"[Scheduler] Commencing daily low-stock inventory audit scan...","timestamp":"2026-07-23 20:09:59"}
{"level":"info","message":"[Scheduler] Inventory scan complete. Dispatched 0 low-stock alerts.","timestamp":"2026-07-23 20:09:59"}
{"level":"info","message":"POST /api/shop/checkout","timestamp":"2026-07-23 20:11:20"}
{"level":"info","message":"GET /api/shop/public/nexus.erp","timestamp":"2026-07-23 20:11:20"}
{"level":"info","message":"GET /api/hr","timestamp":"2026-07-23 20:11:34"}
{"level":"info","message":"GET /api/hr","timestamp":"2026-07-23 20:11:34"}
{"level":"info","message":"GET /api/ai/morning-briefing","timestamp":"2026-07-23 20:11:35"}
{"level":"info","message":"GET /api/ai/morning-briefing","timestamp":"2026-07-23 20:11:35"}
{"level":"info","message":"GET /api/ai/morning-briefing","timestamp":"2026-07-23 20:11:36"}
{"level":"info","message":"GET /api/ai/morning-briefing","timestamp":"2026-07-23 20:11:36"}
{"level":"info","message":"GET /api/inventory","timestamp":"2026-07-23 20:12:40"}
{"level":"info","message":"GET /api/inventory","timestamp":"2026-07-23 20:12:40"}
{"level":"info","message":"GET /api/inventory/ai-autopilot","timestamp":"2026-07-23 20:12:40"}
{"level":"info","message":"GET /api/inventory/ai-autopilot","timestamp":"2026-07-23 20:12:40"}
{"level":"info","message":"GET /api/crm","timestamp":"2026-07-23 20:12:50"}
{"level":"info","message":"GET /api/crm","timestamp":"2026-07-23 20:12:50"}
{"level":"info","message":"GET /api/inventory","timestamp":"2026-07-23 20:12:50"}
{"level":"info","message":"GET /api/inventory","timestamp":"2026-07-23 20:12:50"}
{"level":"info","message":"GET /api/hr","timestamp":"2026-07-23 20:12:54"}
{"level":"info","message":"GET /api/hr","timestamp":"2026-07-23 20:12:54"}
{"level":"info","message":"GET /api/finance","timestamp":"2026-07-23 20:12:56"}
{"level":"info","message":"GET /api/finance","timestamp":"2026-07-23 20:12:56"}
{"level":"info","message":"GET /api/workflows/approvals","timestamp":"2026-07-23 20:13:00"}
{"level":"info","message":"GET /api/workflows/approvals","timestamp":"2026-07-23 20:13:00"}
{"level":"info","message":"Initializing Node-cron Background Task Scheduler...","timestamp":"2026-07-23 20:14:08"}
{"level":"info","message":"[Scheduler] Commencing daily low-stock inventory audit scan...","timestamp":"2026-07-23 20:14:08"}
{"level":"info","message":"[Scheduler] Inventory scan complete. Dispatched 0 low-stock alerts.","timestamp":"2026-07-23 20:14:08"}
{"level":"info","message":"GET /api/inventory","timestamp":"2026-07-23 20:39:33"}
{"level":"info","message":"GET /api/inventory","timestamp":"2026-07-23 20:39:33"}
{"level":"info","message":"GET /api/inventory/ai-autopilot","timestamp":"2026-07-23 20:39:34"}
{"level":"info","message":"GET /api/inventory/ai-autopilot","timestamp":"2026-07-23 20:39:34"}
{"level":"info","message":"GET /api/inventory/ai-autopilot","timestamp":"2026-07-23 20:40:15"}
{"level":"info","message":"GET /api/inventory/ai-autopilot","timestamp":"2026-07-23 20:40:16"}
{"level":"info","message":"GET /api/inventory/ai-autopilot","timestamp":"2026-07-23 20:40:17"}
{"level":"info","message":"GET /api/inventory/ai-autopilot","timestamp":"2026-07-23 20:40:18"}
{"level":"info","message":"GET /api/inventory/ai-autopilot","timestamp":"2026-07-23 20:40:19"}
{"level":"info","message":"GET /api/inventory/ai-autopilot","timestamp":"2026-07-23 20:40:20"}
{"level":"info","message":"GET /api/crm","timestamp":"2026-07-23 20:52:50"}
{"level":"info","message":"GET /api/crm","timestamp":"2026-07-23 20:52:51"}
{"level":"info","message":"GET /api/inventory","timestamp":"2026-07-23 20:52:51"}
{"level":"info","message":"GET /api/inventory","timestamp":"2026-07-23 20:52:51"}
{"level":"info","message":"POST /api/shop/checkout","timestamp":"2026-07-23 20:53:54"}
{"level":"info","message":"GET /api/shop/public/nexus.erp","timestamp":"2026-07-23 20:53:54"}
{"level":"info","message":"GET /api/crm","timestamp":"2026-07-23 20:54:01"}
{"level":"info","message":"GET /api/crm","timestamp":"2026-07-23 20:54:01"}
{"level":"info","message":"GET /api/inventory","timestamp":"2026-07-23 20:54:01"}
{"level":"info","message":"GET /api/inventory","timestamp":"2026-07-23 20:54:01"}
{"level":"info","message":"[Scheduler] Commencing daily low-stock inventory audit scan...","timestamp":"2026-07-24 00:00:00"}
{"level":"info","message":"[Scheduler] Inventory scan complete. Dispatched 0 low-stock alerts.","timestamp":"2026-07-24 00:00:00"}
{"level":"info","message":"GET /api/inventory","timestamp":"2026-07-24 12:00:48"}
{"level":"info","message":"GET /api/inventory","timestamp":"2026-07-24 12:00:48"}
{"level":"info","message":"GET /api/inventory/ai-autopilot","timestamp":"2026-07-24 12:00:48"}
{"level":"info","message":"GET /api/inventory/ai-autopilot","timestamp":"2026-07-24 12:00:48"}
{"level":"info","message":"GET /api/finance","timestamp":"2026-07-24 12:01:00"}
{"level":"info","message":"GET /api/finance","timestamp":"2026-07-24 12:01:00"}
{"level":"info","message":"GET /api/ai/morning-briefing","timestamp":"2026-07-24 12:01:41"}
{"level":"info","message":"GET /api/ai/morning-briefing","timestamp":"2026-07-24 12:01:41"}
{"level":"info","message":"GET /api/ai/morning-briefing","timestamp":"2026-07-24 12:01:41"}
{"level":"info","message":"GET /api/ai/morning-briefing","timestamp":"2026-07-24 12:01:41"}
{"level":"info","message":"Initializing Node-cron Background Task Scheduler...","timestamp":"2026-07-24 12:02:46"}
{"level":"info","message":"[Scheduler] Commencing daily low-stock inventory audit scan...","timestamp":"2026-07-24 12:02:46"}
{"level":"info","message":"Initializing Node-cron Background Task Scheduler...","timestamp":"2026-07-24 12:02:47"}
{"level":"info","message":"[Scheduler] Commencing daily low-stock inventory audit scan...","timestamp":"2026-07-24 12:02:47"}
{"level":"info","message":"[Scheduler] Inventory scan complete. Dispatched 0 low-stock alerts.","timestamp":"2026-07-24 12:02:48"}
{"level":"info","message":"GET /api/shop/public/nexus.erp","timestamp":"2026-07-24 12:02:57"}
{"level":"info","message":"GET /api/shop/track/NEX-ORD-667821","timestamp":"2026-07-24 12:04:43"}
{"level":"info","message":"GET /api/shop/public/nexus.erp","timestamp":"2026-07-24 12:05:27"}
{"level":"info","message":"GET /api/inventory","timestamp":"2026-07-24 12:08:06"}
{"level":"info","message":"Initializing Node-cron Background Task Scheduler...","timestamp":"2026-07-24 12:08:09"}
{"level":"info","message":"[Scheduler] Commencing daily low-stock inventory audit scan...","timestamp":"2026-07-24 12:08:09"}
{"level":"info","message":"[Scheduler] Inventory scan complete. Dispatched 0 low-stock alerts.","timestamp":"2026-07-24 12:08:09"}
{"level":"info","message":"GET /api/inventory","timestamp":"2026-07-24 12:08:38"}
{"level":"info","message":"GET /api/inventory","timestamp":"2026-07-24 12:08:38"}
{"level":"info","message":"GET /api/inventory/ai-autopilot","timestamp":"2026-07-24 12:08:39"}
{"level":"info","message":"GET /api/inventory/ai-autopilot","timestamp":"2026-07-24 12:08:39"}
{"level":"info","message":"GET /api/inventory/ai-autopilot","timestamp":"2026-07-24 12:08:39"}
{"level":"info","message":"GET /api/inventory/ai-autopilot","timestamp":"2026-07-24 12:08:39"}
{"level":"info","message":"POST /api/auth/login","timestamp":"2026-07-24 12:09:19"}
{"level":"info","message":"POST /api/inventory/bulk-import","timestamp":"2026-07-24 12:09:19"}
{"level":"info","message":"Initializing Node-cron Background Task Scheduler...","timestamp":"2026-07-24 12:09:20"}
{"level":"info","message":"[Scheduler] Commencing daily low-stock inventory audit scan...","timestamp":"2026-07-24 12:09:20"}
{"level":"info","message":"[Scheduler] Inventory scan complete. Dispatched 0 low-stock alerts.","timestamp":"2026-07-24 12:09:20"}
{"level":"info","message":"Initializing Node-cron Background Task Scheduler...","timestamp":"2026-07-24 12:09:29"}
{"level":"info","message":"[Scheduler] Commencing daily low-stock inventory audit scan...","timestamp":"2026-07-24 12:09:29"}
{"level":"info","message":"[Scheduler] Inventory scan complete. Dispatched 0 low-stock alerts.","timestamp":"2026-07-24 12:09:29"}
{"level":"info","message":"POST /api/auth/login","timestamp":"2026-07-24 12:09:36"}
{"level":"info","message":"POST /api/inventory/bulk-import","timestamp":"2026-07-24 12:09:36"}
{"level":"info","message":"GET /api/inventory","timestamp":"2026-07-24 12:10:37"}
{"level":"info","message":"GET /api/inventory","timestamp":"2026-07-24 12:10:37"}
{"level":"info","message":"GET /api/inventory/ai-autopilot","timestamp":"2026-07-24 12:10:38"}
{"level":"info","message":"GET /api/inventory/ai-autopilot","timestamp":"2026-07-24 12:10:38"}
{"level":"info","message":"GET /api/shop/public/nexus.erp","timestamp":"2026-07-24 12:11:19"}
{"level":"info","message":"GET /api/auth/tenants","timestamp":"2026-07-24 12:17:15"}
{"level":"info","message":"Initializing Node-cron Background Task Scheduler...","timestamp":"2026-07-24 12:23:06"}
{"level":"info","message":"[Scheduler] Commencing daily low-stock inventory audit scan...","timestamp":"2026-07-24 12:23:06"}
{"level":"info","message":"[Scheduler] Inventory scan complete. Dispatched 0 low-stock alerts.","timestamp":"2026-07-24 12:23:06"}
{"level":"info","message":"GET /api/inventory","timestamp":"2026-07-24 12:25:11"}
{"level":"info","message":"GET /api/inventory","timestamp":"2026-07-24 12:25:11"}
{"level":"info","message":"GET /api/inventory/ai-autopilot","timestamp":"2026-07-24 12:25:11"}
{"level":"info","message":"GET /api/inventory/ai-autopilot","timestamp":"2026-07-24 12:25:11"}
{"level":"info","message":"GET /api/shop/public/nexus.erp","timestamp":"2026-07-24 12:25:18"}
{"level":"info","message":"POST /api/shop/checkout","timestamp":"2026-07-24 12:26:37"}
{"level":"info","message":"GET /api/shop/public/nexus.erp","timestamp":"2026-07-24 12:26:37"}
{"level":"info","message":"GET /api/inventory/ai-autopilot","timestamp":"2026-07-24 12:26:53"}
{"level":"info","message":"GET /api/crm","timestamp":"2026-07-24 12:26:55"}
{"level":"info","message":"GET /api/crm","timestamp":"2026-07-24 12:26:56"}
{"level":"info","message":"GET /api/inventory","timestamp":"2026-07-24 12:26:56"}
{"level":"info","message":"GET /api/inventory","timestamp":"2026-07-24 12:26:56"}
{"level":"info","message":"GET /api/inventory","timestamp":"2026-07-24 12:27:10"}
{"level":"info","message":"GET /api/inventory","timestamp":"2026-07-24 12:27:10"}
{"level":"info","message":"GET /api/inventory/ai-autopilot","timestamp":"2026-07-24 12:27:10"}
{"level":"info","message":"GET /api/inventory/ai-autopilot","timestamp":"2026-07-24 12:27:10"}
{"level":"info","message":"GET /api/ai/morning-briefing","timestamp":"2026-07-24 12:27:13"}
{"level":"info","message":"GET /api/ai/morning-briefing","timestamp":"2026-07-24 12:27:13"}
{"level":"info","message":"GET /api/ai/morning-briefing","timestamp":"2026-07-24 12:27:13"}
{"level":"info","message":"GET /api/ai/morning-briefing","timestamp":"2026-07-24 12:27:13"}
{"level":"info","message":"Initializing Node-cron Background Task Scheduler...","timestamp":"2026-07-24 12:32:39"}
{"level":"info","message":"[Scheduler] Commencing daily low-stock inventory audit scan...","timestamp":"2026-07-24 12:32:39"}
{"level":"info","message":"[Scheduler] Inventory scan complete. Dispatched 0 low-stock alerts.","timestamp":"2026-07-24 12:32:39"}
{"level":"info","message":"GET /api/shop/public/nexus.erp","timestamp":"2026-07-24 12:32:53"}
{"level":"info","message":"POST /api/shop/create-razorpay-order","timestamp":"2026-07-24 12:33:27"}
{"level":"info","message":"GET /api/shop/public/nexus.erp","timestamp":"2026-07-24 12:33:50"}
{"level":"info","message":"POST /api/shop/checkout","timestamp":"2026-07-24 12:34:44"}
{"level":"info","message":"GET /api/shop/public/nexus.erp","timestamp":"2026-07-24 12:34:45"}
